-- The C compiler identification is GNU 11.4.0
-- The CXX compiler identification is GNU 11.4.0
-- Detecting C compiler ABI info
-- Detecting C compiler ABI info - done
-- Check for working C compiler: /usr/bin/cc - skipped
-- Detecting C compile features
-- Detecting C compile features - done
-- Detecting CXX compiler ABI info
-- Detecting CXX compiler ABI info - done
-- Check for working CXX compiler: /usr/bin/c++ - skipped
-- Detecting CXX compile features
-- Detecting CXX compile features - done
-- Found ament_cmake: 1.3.11 (/opt/ros/humble/share/ament_cmake/cmake)
-- Found Python3: /usr/bin/python3 (found version "3.10.12") found components: Interpreter 
-- Override CMake install command with custom implementation using symlinks instead of copying resources
-- Found rclcpp: 16.0.12 (/opt/ros/humble/share/rclcpp/cmake)
-- Found rosidl_generator_c: 3.1.6 (/opt/ros/humble/share/rosidl_generator_c/cmake)
-- Found rosidl_adapter: 3.1.6 (/opt/ros/humble/share/rosidl_adapter/cmake)
-- Found rosidl_generator_cpp: 3.1.6 (/opt/ros/humble/share/rosidl_generator_cpp/cmake)
-- Using all available rosidl_typesupport_c: rosidl_typesupport_fastrtps_c;rosidl_typesupport_introspection_c
-- Using all available rosidl_typesupport_cpp: rosidl_typesupport_fastrtps_cpp;rosidl_typesupport_introspection_cpp
-- Found rmw_implementation_cmake: 6.1.2 (/opt/ros/humble/share/rmw_implementation_cmake/cmake)
-- Found rmw_cyclonedds_cpp: 1.3.4 (/opt/ros/humble/share/rmw_cyclonedds_cpp/cmake)
-- Using RMW implementation 'rmw_cyclonedds_cpp' as default
-- Looking for pthread.h
-- Looking for pthread.h - found
-- Performing Test CMAKE_HAVE_LIBC_PTHREAD
-- Performing Test CMAKE_HAVE_LIBC_PTHREAD - Success
-- Found Threads: TRUE  
-- Found nav_msgs: 4.9.0 (/opt/ros/humble/share/nav_msgs/cmake)
-- Found sensor_msgs: 4.9.0 (/opt/ros/humble/share/sensor_msgs/cmake)
-- Found tf2: 0.25.13 (/opt/ros/humble/share/tf2/cmake)
-- Found tf2_ros: 0.25.13 (/opt/ros/humble/share/tf2_ros/cmake)
-- Found tf2_geometry_msgs: 0.25.13 (/opt/ros/humble/share/tf2_geometry_msgs/cmake)
-- Found eigen3_cmake_module: 0.1.1 (/opt/ros/humble/share/eigen3_cmake_module/cmake)
-- Found Eigen3: TRUE (found version "3.4.0") 
-- Ensuring Eigen3 include directory is part of orocos-kdl CMake target
-- Found diagnostic_msgs: 4.9.0 (/opt/ros/humble/share/diagnostic_msgs/cmake)
-- Found can_msgs: 2.0.0 (/opt/ros/humble/share/can_msgs/cmake)
-- Found Boost: /usr/lib/x86_64-linux-gnu/cmake/Boost-1.74.0/BoostConfig.cmake (found version "1.74.0") found components: thread 
-- Found std_srvs: 4.9.0 (/opt/ros/humble/share/std_srvs/cmake)
-- Found san_msgs: 0.0.0 (/root/ros2_ws/install/san_msgs/share/san_msgs/cmake)
-- Configuring done
-- Generating done
-- Build files have been written to: /root/ros2_ws/build/amr_core
[ 30%] [32mBuilding CXX object CMakeFiles/amr_core_lib.dir/src/amr_core.cpp.o[0m
[ 30%] [32mBuilding CXX object CMakeFiles/amr_core_lib.dir/src/velocity_profile.cpp.o[0m
[ 30%] [32mBuilding CXX object CMakeFiles/amr_core_lib.dir/src/ekf_odometry.cpp.o[0m
[ 40%] [32mBuilding CXX object CMakeFiles/amr_core_lib.dir/src/main.cpp.o[0m
[ 50%] [32m[1mLinking CXX shared library libamr_core_lib.so[0m
[ 50%] Built target amr_core_lib
[ 80%] [32mBuilding CXX object CMakeFiles/amr_core_node.dir/src/amr_core.cpp.o[0m
[ 80%] [32mBuilding CXX object CMakeFiles/teleop_keyboard.dir/src/teleop_keyboard.cpp.o[0m
[ 80%] [32mBuilding CXX object CMakeFiles/amr_core_node.dir/src/main.cpp.o[0m
[ 90%] [32m[1mLinking CXX executable teleop_keyboard[0m
[ 90%] Built target teleop_keyboard
[100%] [32m[1mLinking CXX executable amr_core_node[0m
[100%] Built target amr_core_node
-- Install configuration: ""
-- Execute custom install script
-- Symlinking: /root/ros2_ws/install/amr_core/lib/amr_core/amr_core_node
-- Symlinking: /root/ros2_ws/install/amr_core/lib/amr_core/teleop_keyboard
-- Symlinking: /root/ros2_ws/install/amr_core/lib/amr_core/libamr_core_lib.so
-- Symlinking: /root/ros2_ws/install/amr_core/include/amr_core/amr_core.h
-- Symlinking: /root/ros2_ws/install/amr_core/include/amr_core/can.hpp
-- Symlinking: /root/ros2_ws/install/amr_core/include/amr_core/ekf_odometry.h
-- Symlinking: /root/ros2_ws/install/amr_core/include/amr_core/velocity_profile.h
-- Symlinking: /root/ros2_ws/install/amr_core/include/teleop_keyboard/teleop_keyboard.h
-- Symlinking: /root/ros2_ws/install/amr_core/share/amr_core/param/ammr_param.yaml
-- Symlinking: /root/ros2_ws/install/amr_core/share/amr_core/param/laser_base_exclude_filter.yaml
-- Symlinking: /root/ros2_ws/install/amr_core/share/amr_core/param/laser_filter.yaml
-- Symlinking: /root/ros2_ws/install/amr_core/share/amr_core/param/param.yaml
-- Symlinking: /root/ros2_ws/install/amr_core/share/amr_core/param/param_backup.yaml
-- Symlinking: /root/ros2_ws/install/amr_core/share/amr_core/param/ydlidar.yaml
-- Symlinking: /root/ros2_ws/install/amr_core/share/amr_core/launch/simulator_bringup.launch.py
-- Symlinking: /root/ros2_ws/install/amr_core/share/ament_index/resource_index/package_run_dependencies/amr_core
-- Symlinking: /root/ros2_ws/install/amr_core/share/ament_index/resource_index/parent_prefix_path/amr_core
-- Symlinking: /root/ros2_ws/install/amr_core/share/amr_core/environment/ament_prefix_path.sh
-- Symlinking: /root/ros2_ws/install/amr_core/share/amr_core/environment/ament_prefix_path.dsv
-- Symlinking: /root/ros2_ws/install/amr_core/share/amr_core/environment/path.sh
-- Symlinking: /root/ros2_ws/install/amr_core/share/amr_core/environment/path.dsv
-- Symlinking: /root/ros2_ws/install/amr_core/share/amr_core/local_setup.bash
-- Symlinking: /root/ros2_ws/install/amr_core/share/amr_core/local_setup.sh
-- Symlinking: /root/ros2_ws/install/amr_core/share/amr_core/local_setup.zsh
-- Symlinking: /root/ros2_ws/install/amr_core/share/amr_core/local_setup.dsv
-- Symlinking: /root/ros2_ws/install/amr_core/share/amr_core/package.dsv
-- Symlinking: /root/ros2_ws/install/amr_core/share/ament_index/resource_index/packages/amr_core
-- Symlinking: /root/ros2_ws/install/amr_core/share/amr_core/cmake/amr_coreConfig.cmake
-- Symlinking: /root/ros2_ws/install/amr_core/share/amr_core/cmake/amr_coreConfig-version.cmake
-- Symlinking: /root/ros2_ws/install/amr_core/share/amr_core/package.xml
