running develop
running egg_info
creating webserver_interface_ros2.egg-info
writing webserver_interface_ros2.egg-info/PKG-INFO
writing dependency_links to webserver_interface_ros2.egg-info/dependency_links.txt
writing entry points to webserver_interface_ros2.egg-info/entry_points.txt
writing requirements to webserver_interface_ros2.egg-info/requires.txt
writing top-level names to webserver_interface_ros2.egg-info/top_level.txt
writing manifest file 'webserver_interface_ros2.egg-info/SOURCES.txt'
reading manifest file 'webserver_interface_ros2.egg-info/SOURCES.txt'
writing manifest file 'webserver_interface_ros2.egg-info/SOURCES.txt'
running build_ext
Creating /root/ros2_ws/install/webserver_interface_ros2/lib/python3.10/site-packages/webserver-interface-ros2.egg-link (link to .)
Installing instantaction_test script to /root/ros2_ws/install/webserver_interface_ros2/lib/webserver_interface_ros2
Installing node_manager script to /root/ros2_ws/install/webserver_interface_ros2/lib/webserver_interface_ros2
Installing ros_handler script to /root/ros2_ws/install/webserver_interface_ros2/lib/webserver_interface_ros2
Installing server script to /root/ros2_ws/install/webserver_interface_ros2/lib/webserver_interface_ros2
Installing service_test script to /root/ros2_ws/install/webserver_interface_ros2/lib/webserver_interface_ros2
Installing test script to /root/ros2_ws/install/webserver_interface_ros2/lib/webserver_interface_ros2
Installing webserver_interface script to /root/ros2_ws/install/webserver_interface_ros2/lib/webserver_interface_ros2

Installed /root/ros2_ws/build/webserver_interface_ros2
running symlink_data
creating /root/ros2_ws/install/webserver_interface_ros2/share/ament_index
creating /root/ros2_ws/install/webserver_interface_ros2/share/ament_index/resource_index
creating /root/ros2_ws/install/webserver_interface_ros2/share/ament_index/resource_index/packages
symbolically linking /root/ros2_ws/build/webserver_interface_ros2/resource/webserver_interface_ros2 -> /root/ros2_ws/install/webserver_interface_ros2/share/ament_index/resource_index/packages
symbolically linking /root/ros2_ws/build/webserver_interface_ros2/package.xml -> /root/ros2_ws/install/webserver_interface_ros2/share/webserver_interface_ros2
creating /root/ros2_ws/install/webserver_interface_ros2/share/webserver_interface_ros2/json_schemas
symbolically linking /root/ros2_ws/build/webserver_interface_ros2/json_schemas/connection.json -> /root/ros2_ws/install/webserver_interface_ros2/share/webserver_interface_ros2/json_schemas
symbolically linking /root/ros2_ws/build/webserver_interface_ros2/json_schemas/instantActions.schema -> /root/ros2_ws/install/webserver_interface_ros2/share/webserver_interface_ros2/json_schemas
symbolically linking /root/ros2_ws/build/webserver_interface_ros2/json_schemas/visualization.schema -> /root/ros2_ws/install/webserver_interface_ros2/share/webserver_interface_ros2/json_schemas
symbolically linking /root/ros2_ws/build/webserver_interface_ros2/json_schemas/visualization.json -> /root/ros2_ws/install/webserver_interface_ros2/share/webserver_interface_ros2/json_schemas
symbolically linking /root/ros2_ws/build/webserver_interface_ros2/json_schemas/order.schema -> /root/ros2_ws/install/webserver_interface_ros2/share/webserver_interface_ros2/json_schemas
symbolically linking /root/ros2_ws/build/webserver_interface_ros2/json_schemas/instantActions.json -> /root/ros2_ws/install/webserver_interface_ros2/share/webserver_interface_ros2/json_schemas
symbolically linking /root/ros2_ws/build/webserver_interface_ros2/json_schemas/order.json -> /root/ros2_ws/install/webserver_interface_ros2/share/webserver_interface_ros2/json_schemas
symbolically linking /root/ros2_ws/build/webserver_interface_ros2/json_schemas/state.schema -> /root/ros2_ws/install/webserver_interface_ros2/share/webserver_interface_ros2/json_schemas
symbolically linking /root/ros2_ws/build/webserver_interface_ros2/json_schemas/amrState.schema -> /root/ros2_ws/install/webserver_interface_ros2/share/webserver_interface_ros2/json_schemas
symbolically linking /root/ros2_ws/build/webserver_interface_ros2/json_schemas/manipulatorState.json -> /root/ros2_ws/install/webserver_interface_ros2/share/webserver_interface_ros2/json_schemas
symbolically linking /root/ros2_ws/build/webserver_interface_ros2/json_schemas/state.json -> /root/ros2_ws/install/webserver_interface_ros2/share/webserver_interface_ros2/json_schemas
symbolically linking /root/ros2_ws/build/webserver_interface_ros2/json_schemas/manipulatorState.schema -> /root/ros2_ws/install/webserver_interface_ros2/share/webserver_interface_ros2/json_schemas
symbolically linking /root/ros2_ws/build/webserver_interface_ros2/json_schemas/amrStatus.schema -> /root/ros2_ws/install/webserver_interface_ros2/share/webserver_interface_ros2/json_schemas
symbolically linking /root/ros2_ws/build/webserver_interface_ros2/json_schemas/factsheet.json -> /root/ros2_ws/install/webserver_interface_ros2/share/webserver_interface_ros2/json_schemas
symbolically linking /root/ros2_ws/build/webserver_interface_ros2/json_schemas/factsheet.schema -> /root/ros2_ws/install/webserver_interface_ros2/share/webserver_interface_ros2/json_schemas
symbolically linking /root/ros2_ws/build/webserver_interface_ros2/json_schemas/amrState.json -> /root/ros2_ws/install/webserver_interface_ros2/share/webserver_interface_ros2/json_schemas
symbolically linking /root/ros2_ws/build/webserver_interface_ros2/json_schemas/amrStatus.json -> /root/ros2_ws/install/webserver_interface_ros2/share/webserver_interface_ros2/json_schemas
symbolically linking /root/ros2_ws/build/webserver_interface_ros2/json_schemas/connection.schema -> /root/ros2_ws/install/webserver_interface_ros2/share/webserver_interface_ros2/json_schemas
creating /root/ros2_ws/install/webserver_interface_ros2/share/webserver_interface_ros2/config
symbolically linking /root/ros2_ws/build/webserver_interface_ros2/config/robot_param.yaml -> /root/ros2_ws/install/webserver_interface_ros2/share/webserver_interface_ros2/config
symbolically linking /root/ros2_ws/build/webserver_interface_ros2/config/api_send_config.yaml -> /root/ros2_ws/install/webserver_interface_ros2/share/webserver_interface_ros2/config
symbolically linking /root/ros2_ws/build/webserver_interface_ros2/config/data_dir.yaml -> /root/ros2_ws/install/webserver_interface_ros2/share/webserver_interface_ros2/config
symbolically linking /root/ros2_ws/build/webserver_interface_ros2/config/robot_spec.yaml -> /root/ros2_ws/install/webserver_interface_ros2/share/webserver_interface_ros2/config
symbolically linking /root/ros2_ws/build/webserver_interface_ros2/config/api_receive_config.yaml -> /root/ros2_ws/install/webserver_interface_ros2/share/webserver_interface_ros2/config
symbolically linking /root/ros2_ws/build/webserver_interface_ros2/config/topic_list.yaml -> /root/ros2_ws/install/webserver_interface_ros2/share/webserver_interface_ros2/config
creating /root/ros2_ws/install/webserver_interface_ros2/share/webserver_interface_ros2/nodes
creating /root/ros2_ws/install/webserver_interface_ros2/share/webserver_interface_ros2/maps
creating /root/ros2_ws/install/webserver_interface_ros2/share/webserver_interface_ros2/launch
symbolically linking /root/ros2_ws/build/webserver_interface_ros2/launch/webserver_interface_launch.py -> /root/ros2_ws/install/webserver_interface_ros2/share/webserver_interface_ros2/launch
