-- The C compiler identification is GNU 11.4.0
-- The CXX compiler identification is GNU 11.4.0
-- Detecting C compiler ABI info
-- Detecting C compiler ABI info - done
-- Check for working C compiler: /usr/bin/cc - skipped
-- Detecting C compile features
-- Detecting C compile features - done
-- Detecting CXX compiler ABI info
-- Detecting CXX compiler ABI info - done
-- Check for working CXX compiler: /usr/bin/c++ - skipped
-- Detecting CXX compile features
-- Detecting CXX compile features - done
-- Found ament_cmake: 1.3.11 (/opt/ros/humble/share/ament_cmake/cmake)
-- Found Python3: /usr/bin/python3 (found version "3.10.12") found components: Interpreter 
-- Override CMake install command with custom implementation using symlinks instead of copying resources
-- Found rclcpp: 16.0.12 (/opt/ros/humble/share/rclcpp/cmake)
-- Found rosidl_generator_c: 3.1.6 (/opt/ros/humble/share/rosidl_generator_c/cmake)
-- Found rosidl_adapter: 3.1.6 (/opt/ros/humble/share/rosidl_adapter/cmake)
-- Found rosidl_generator_cpp: 3.1.6 (/opt/ros/humble/share/rosidl_generator_cpp/cmake)
-- Using all available rosidl_typesupport_c: rosidl_typesupport_fastrtps_c;rosidl_typesupport_introspection_c
-- Using all available rosidl_typesupport_cpp: rosidl_typesupport_fastrtps_cpp;rosidl_typesupport_introspection_cpp
-- Found rmw_implementation_cmake: 6.1.2 (/opt/ros/humble/share/rmw_implementation_cmake/cmake)
-- Found rmw_cyclonedds_cpp: 1.3.4 (/opt/ros/humble/share/rmw_cyclonedds_cpp/cmake)
-- Using RMW implementation 'rmw_cyclonedds_cpp' as default
-- Looking for pthread.h
-- Looking for pthread.h - found
-- Performing Test CMAKE_HAVE_LIBC_PTHREAD
-- Performing Test CMAKE_HAVE_LIBC_PTHREAD - Success
-- Found Threads: TRUE  
-- Found geometry_msgs: 4.9.0 (/opt/ros/humble/share/geometry_msgs/cmake)
-- Found std_srvs: 4.9.0 (/opt/ros/humble/share/std_srvs/cmake)
-- Found tf2: 0.25.13 (/opt/ros/humble/share/tf2/cmake)
-- Found tf2_ros: 0.25.13 (/opt/ros/humble/share/tf2_ros/cmake)
-- Found tf2_geometry_msgs: 0.25.13 (/opt/ros/humble/share/tf2_geometry_msgs/cmake)
-- Found eigen3_cmake_module: 0.1.1 (/opt/ros/humble/share/eigen3_cmake_module/cmake)
-- Found Eigen3: TRUE (found version "3.4.0") 
-- Ensuring Eigen3 include directory is part of orocos-kdl CMake target
-- Found nav2_msgs: 1.1.18 (/opt/ros/humble/share/nav2_msgs/cmake)
-- Configuring done
-- Generating done
-- Build files have been written to: /root/ros2_ws/build/amr_navigation
[ 25%] [32mBuilding CXX object CMakeFiles/amr_navigation_lib.dir/src/periodic_costmap_clearer.cpp.o[0m
[ 50%] [32m[1mLinking CXX shared library libamr_navigation_lib.so[0m
[ 50%] Built target amr_navigation_lib
[ 75%] [32mBuilding CXX object CMakeFiles/periodic_costmap_clearer_node.dir/src/periodic_costmap_clearer_node.cpp.o[0m
[100%] [32m[1mLinking CXX executable periodic_costmap_clearer_node[0m
[100%] Built target periodic_costmap_clearer_node
-- Install configuration: ""
-- Execute custom install script
-- Symlinking: /root/ros2_ws/install/amr_navigation/lib/amr_navigation/periodic_costmap_clearer_node
-- Symlinking: /root/ros2_ws/install/amr_navigation/lib/amr_navigation/libamr_navigation_lib.so
-- Symlinking: /root/ros2_ws/install/amr_navigation/include/amr_navigation/periodic_costmap_clearer.hpp
-- Symlinking: /root/ros2_ws/install/amr_navigation/share/amr_navigation/launch/__pycache__/bringup_launch.cpython-310.pyc
-- Symlinking: /root/ros2_ws/install/amr_navigation/share/amr_navigation/launch/__pycache__/navigation_rviz.launch.cpython-310.pyc
-- Symlinking: /root/ros2_ws/install/amr_navigation/share/amr_navigation/launch/bringup_launch.py
-- Symlinking: /root/ros2_ws/install/amr_navigation/share/amr_navigation/launch/bringup_simulator_launch.py
-- Symlinking: /root/ros2_ws/install/amr_navigation/share/amr_navigation/launch/localization_launch.py
-- Symlinking: /root/ros2_ws/install/amr_navigation/share/amr_navigation/launch/localization_simulator_launch.py
-- Symlinking: /root/ros2_ws/install/amr_navigation/share/amr_navigation/launch/navigation_launch.py
-- Symlinking: /root/ros2_ws/install/amr_navigation/share/amr_navigation/launch/navigation_robot_simulator.launch.py
-- Symlinking: /root/ros2_ws/install/amr_navigation/share/amr_navigation/launch/slam_launch.py
-- Symlinking: /root/ros2_ws/install/amr_navigation/share/amr_navigation/rviz/navigation.rviz
-- Symlinking: /root/ros2_ws/install/amr_navigation/share/amr_navigation/params/amr_navigation.yaml
-- Symlinking: /root/ros2_ws/install/amr_navigation/share/amr_navigation/params/redbot02_navigation copy.yaml
-- Symlinking: /root/ros2_ws/install/amr_navigation/share/amr_navigation/params/redbot02_navigation.yaml
-- Symlinking: /root/ros2_ws/install/amr_navigation/share/amr_navigation/params/redbot04_navigation_param.yaml
-- Symlinking: /root/ros2_ws/install/amr_navigation/share/amr_navigation/params/turtlebot4_navi.yaml
-- Symlinking: /root/ros2_ws/install/amr_navigation/share/amr_navigation/maps/ammr_250312.pgm
-- Symlinking: /root/ros2_ws/install/amr_navigation/share/amr_navigation/maps/ammr_250312.yaml
-- Symlinking: /root/ros2_ws/install/amr_navigation/share/amr_navigation/maps/skku7th.pgm
-- Symlinking: /root/ros2_ws/install/amr_navigation/share/amr_navigation/maps/skku7th.yaml
-- Symlinking: /root/ros2_ws/install/amr_navigation/share/amr_navigation/maps/skku_7th.pgm
-- Symlinking: /root/ros2_ws/install/amr_navigation/share/amr_navigation/maps/skku_7th.yaml
-- Symlinking: /root/ros2_ws/install/amr_navigation/share/ament_index/resource_index/package_run_dependencies/amr_navigation
-- Symlinking: /root/ros2_ws/install/amr_navigation/share/ament_index/resource_index/parent_prefix_path/amr_navigation
-- Symlinking: /root/ros2_ws/install/amr_navigation/share/amr_navigation/environment/ament_prefix_path.sh
-- Symlinking: /root/ros2_ws/install/amr_navigation/share/amr_navigation/environment/ament_prefix_path.dsv
-- Symlinking: /root/ros2_ws/install/amr_navigation/share/amr_navigation/environment/path.sh
-- Symlinking: /root/ros2_ws/install/amr_navigation/share/amr_navigation/environment/path.dsv
-- Symlinking: /root/ros2_ws/install/amr_navigation/share/amr_navigation/local_setup.bash
-- Symlinking: /root/ros2_ws/install/amr_navigation/share/amr_navigation/local_setup.sh
-- Symlinking: /root/ros2_ws/install/amr_navigation/share/amr_navigation/local_setup.zsh
-- Symlinking: /root/ros2_ws/install/amr_navigation/share/amr_navigation/local_setup.dsv
-- Symlinking: /root/ros2_ws/install/amr_navigation/share/amr_navigation/package.dsv
-- Symlinking: /root/ros2_ws/install/amr_navigation/share/ament_index/resource_index/packages/amr_navigation
-- Symlinking: /root/ros2_ws/install/amr_navigation/share/amr_navigation/cmake/amr_navigationConfig.cmake
-- Symlinking: /root/ros2_ws/install/amr_navigation/share/amr_navigation/cmake/amr_navigationConfig-version.cmake
-- Symlinking: /root/ros2_ws/install/amr_navigation/share/amr_navigation/package.xml
