[0.030s] Invoking command in '/root/ros2_ws/build/amr_navigation': CMAKE_PREFIX_PATH=${CMAKE_PREFIX_PATH}:/root/ros2_ws/install/webserver_interface_ros2:/root/ros2_ws/install/waypoint_node_manager:/opt/ros/humble /usr/bin/cmake /root/ros2_ws/src/robot_simulator/dependency_pkgs/MOBILE_ROBOT_BASIC/amr_navigation -DAMENT_CMAKE_SYMLINK_INSTALL=1 -DCMAKE_INSTALL_PREFIX=/root/ros2_ws/install/amr_navigation
[0.363s] -- The C compiler identification is GNU 11.4.0
[0.363s] -- The CXX compiler identification is GNU 11.4.0
[0.363s] -- Detecting C compiler ABI info
[0.363s] -- Detecting C compiler ABI info - done
[0.363s] -- Check for working C compiler: /usr/bin/cc - skipped
[0.364s] -- Detecting C compile features
[0.364s] -- Detecting C compile features - done
[0.364s] -- Detecting CXX compiler ABI info
[0.364s] -- Detecting CXX compiler ABI info - done
[0.364s] -- Check for working CXX compiler: /usr/bin/c++ - skipped
[0.364s] -- Detecting CXX compile features
[0.364s] -- Detecting CXX compile features - done
[0.364s] -- Found ament_cmake: 1.3.11 (/opt/ros/humble/share/ament_cmake/cmake)
[0.485s] -- Found Python3: /usr/bin/python3 (found version "3.10.12") found components: Interpreter 
[0.547s] -- Override CMake install command with custom implementation using symlinks instead of copying resources
[0.593s] -- Found rclcpp: 16.0.12 (/opt/ros/humble/share/rclcpp/cmake)
[0.642s] -- Found rosidl_generator_c: 3.1.6 (/opt/ros/humble/share/rosidl_generator_c/cmake)
[0.647s] -- Found rosidl_adapter: 3.1.6 (/opt/ros/humble/share/rosidl_adapter/cmake)
[0.659s] -- Found rosidl_generator_cpp: 3.1.6 (/opt/ros/humble/share/rosidl_generator_cpp/cmake)
[0.682s] -- Using all available rosidl_typesupport_c: rosidl_typesupport_fastrtps_c;rosidl_typesupport_introspection_c
[0.703s] -- Using all available rosidl_typesupport_cpp: rosidl_typesupport_fastrtps_cpp;rosidl_typesupport_introspection_cpp
[0.766s] -- Found rmw_implementation_cmake: 6.1.2 (/opt/ros/humble/share/rmw_implementation_cmake/cmake)
[0.770s] -- Found rmw_cyclonedds_cpp: 1.3.4 (/opt/ros/humble/share/rmw_cyclonedds_cpp/cmake)
[0.800s] -- Using RMW implementation 'rmw_cyclonedds_cpp' as default
[0.815s] -- Looking for pthread.h
[0.878s] -- Looking for pthread.h - found
[0.878s] -- Performing Test CMAKE_HAVE_LIBC_PTHREAD
[0.948s] -- Performing Test CMAKE_HAVE_LIBC_PTHREAD - Success
[0.949s] -- Found Threads: TRUE  
[1.015s] -- Found geometry_msgs: 4.9.0 (/opt/ros/humble/share/geometry_msgs/cmake)
[1.029s] -- Found std_srvs: 4.9.0 (/opt/ros/humble/share/std_srvs/cmake)
[1.041s] -- Found tf2: 0.25.13 (/opt/ros/humble/share/tf2/cmake)
[1.056s] -- Found tf2_ros: 0.25.13 (/opt/ros/humble/share/tf2_ros/cmake)
[1.215s] -- Found tf2_geometry_msgs: 0.25.13 (/opt/ros/humble/share/tf2_geometry_msgs/cmake)
[1.243s] -- Found eigen3_cmake_module: 0.1.1 (/opt/ros/humble/share/eigen3_cmake_module/cmake)
[1.245s] -- Found Eigen3: TRUE (found version "3.4.0") 
[1.245s] -- Ensuring Eigen3 include directory is part of orocos-kdl CMake target
[1.251s] -- Found nav2_msgs: 1.1.18 (/opt/ros/humble/share/nav2_msgs/cmake)
[1.373s] -- Configuring done
[1.391s] -- Generating done
[1.398s] -- Build files have been written to: /root/ros2_ws/build/amr_navigation
[1.409s] Invoked command in '/root/ros2_ws/build/amr_navigation' returned '0': CMAKE_PREFIX_PATH=${CMAKE_PREFIX_PATH}:/root/ros2_ws/install/webserver_interface_ros2:/root/ros2_ws/install/waypoint_node_manager:/opt/ros/humble /usr/bin/cmake /root/ros2_ws/src/robot_simulator/dependency_pkgs/MOBILE_ROBOT_BASIC/amr_navigation -DAMENT_CMAKE_SYMLINK_INSTALL=1 -DCMAKE_INSTALL_PREFIX=/root/ros2_ws/install/amr_navigation
[1.411s] Invoking command in '/root/ros2_ws/build/amr_navigation': CMAKE_PREFIX_PATH=${CMAKE_PREFIX_PATH}:/root/ros2_ws/install/webserver_interface_ros2:/root/ros2_ws/install/waypoint_node_manager:/opt/ros/humble /usr/bin/cmake --build /root/ros2_ws/build/amr_navigation -- -j16 -l16
[1.454s] [ 25%] [32mBuilding CXX object CMakeFiles/amr_navigation_lib.dir/src/periodic_costmap_clearer.cpp.o[0m
[4.950s] [ 50%] [32m[1mLinking CXX shared library libamr_navigation_lib.so[0m
[5.132s] [ 50%] Built target amr_navigation_lib
[5.149s] [ 75%] [32mBuilding CXX object CMakeFiles/periodic_costmap_clearer_node.dir/src/periodic_costmap_clearer_node.cpp.o[0m
[9.501s] [100%] [32m[1mLinking CXX executable periodic_costmap_clearer_node[0m
[9.636s] [100%] Built target periodic_costmap_clearer_node
[9.646s] Invoked command in '/root/ros2_ws/build/amr_navigation' returned '0': CMAKE_PREFIX_PATH=${CMAKE_PREFIX_PATH}:/root/ros2_ws/install/webserver_interface_ros2:/root/ros2_ws/install/waypoint_node_manager:/opt/ros/humble /usr/bin/cmake --build /root/ros2_ws/build/amr_navigation -- -j16 -l16
[9.647s] Invoking command in '/root/ros2_ws/build/amr_navigation': CMAKE_PREFIX_PATH=${CMAKE_PREFIX_PATH}:/root/ros2_ws/install/webserver_interface_ros2:/root/ros2_ws/install/waypoint_node_manager:/opt/ros/humble /usr/bin/cmake --install /root/ros2_ws/build/amr_navigation
[9.654s] -- Install configuration: ""
[9.654s] -- Execute custom install script
[9.655s] -- Symlinking: /root/ros2_ws/install/amr_navigation/lib/amr_navigation/periodic_costmap_clearer_node
[9.662s] -- Symlinking: /root/ros2_ws/install/amr_navigation/lib/amr_navigation/libamr_navigation_lib.so
[9.669s] -- Symlinking: /root/ros2_ws/install/amr_navigation/include/amr_navigation/periodic_costmap_clearer.hpp
[9.676s] -- Symlinking: /root/ros2_ws/install/amr_navigation/share/amr_navigation/launch/__pycache__/bringup_launch.cpython-310.pyc
[9.683s] -- Symlinking: /root/ros2_ws/install/amr_navigation/share/amr_navigation/launch/__pycache__/navigation_rviz.launch.cpython-310.pyc
[9.691s] -- Symlinking: /root/ros2_ws/install/amr_navigation/share/amr_navigation/launch/bringup_launch.py
[9.700s] -- Symlinking: /root/ros2_ws/install/amr_navigation/share/amr_navigation/launch/bringup_simulator_launch.py
[9.707s] -- Symlinking: /root/ros2_ws/install/amr_navigation/share/amr_navigation/launch/localization_launch.py
[9.714s] -- Symlinking: /root/ros2_ws/install/amr_navigation/share/amr_navigation/launch/localization_simulator_launch.py
[9.721s] -- Symlinking: /root/ros2_ws/install/amr_navigation/share/amr_navigation/launch/navigation_launch.py
[9.728s] -- Symlinking: /root/ros2_ws/install/amr_navigation/share/amr_navigation/launch/navigation_robot_simulator.launch.py
[9.735s] -- Symlinking: /root/ros2_ws/install/amr_navigation/share/amr_navigation/launch/slam_launch.py
[9.743s] -- Symlinking: /root/ros2_ws/install/amr_navigation/share/amr_navigation/rviz/navigation.rviz
[9.751s] -- Symlinking: /root/ros2_ws/install/amr_navigation/share/amr_navigation/params/amr_navigation.yaml
[9.758s] -- Symlinking: /root/ros2_ws/install/amr_navigation/share/amr_navigation/params/redbot02_navigation copy.yaml
[9.765s] -- Symlinking: /root/ros2_ws/install/amr_navigation/share/amr_navigation/params/redbot02_navigation.yaml
[9.773s] -- Symlinking: /root/ros2_ws/install/amr_navigation/share/amr_navigation/params/redbot04_navigation_param.yaml
[9.780s] -- Symlinking: /root/ros2_ws/install/amr_navigation/share/amr_navigation/params/turtlebot4_navi.yaml
[9.787s] -- Symlinking: /root/ros2_ws/install/amr_navigation/share/amr_navigation/maps/ammr_250312.pgm
[9.794s] -- Symlinking: /root/ros2_ws/install/amr_navigation/share/amr_navigation/maps/ammr_250312.yaml
[9.802s] -- Symlinking: /root/ros2_ws/install/amr_navigation/share/amr_navigation/maps/skku7th.pgm
[9.809s] -- Symlinking: /root/ros2_ws/install/amr_navigation/share/amr_navigation/maps/skku7th.yaml
[9.816s] -- Symlinking: /root/ros2_ws/install/amr_navigation/share/amr_navigation/maps/skku_7th.pgm
[9.823s] -- Symlinking: /root/ros2_ws/install/amr_navigation/share/amr_navigation/maps/skku_7th.yaml
[9.830s] -- Symlinking: /root/ros2_ws/install/amr_navigation/share/ament_index/resource_index/package_run_dependencies/amr_navigation
[9.837s] -- Symlinking: /root/ros2_ws/install/amr_navigation/share/ament_index/resource_index/parent_prefix_path/amr_navigation
[9.844s] -- Symlinking: /root/ros2_ws/install/amr_navigation/share/amr_navigation/environment/ament_prefix_path.sh
[9.851s] -- Symlinking: /root/ros2_ws/install/amr_navigation/share/amr_navigation/environment/ament_prefix_path.dsv
[9.859s] -- Symlinking: /root/ros2_ws/install/amr_navigation/share/amr_navigation/environment/path.sh
[9.866s] -- Symlinking: /root/ros2_ws/install/amr_navigation/share/amr_navigation/environment/path.dsv
[9.873s] -- Symlinking: /root/ros2_ws/install/amr_navigation/share/amr_navigation/local_setup.bash
[9.881s] -- Symlinking: /root/ros2_ws/install/amr_navigation/share/amr_navigation/local_setup.sh
[9.888s] -- Symlinking: /root/ros2_ws/install/amr_navigation/share/amr_navigation/local_setup.zsh
[9.896s] -- Symlinking: /root/ros2_ws/install/amr_navigation/share/amr_navigation/local_setup.dsv
[9.902s] -- Symlinking: /root/ros2_ws/install/amr_navigation/share/amr_navigation/package.dsv
[9.910s] -- Symlinking: /root/ros2_ws/install/amr_navigation/share/ament_index/resource_index/packages/amr_navigation
[9.917s] -- Symlinking: /root/ros2_ws/install/amr_navigation/share/amr_navigation/cmake/amr_navigationConfig.cmake
[9.924s] -- Symlinking: /root/ros2_ws/install/amr_navigation/share/amr_navigation/cmake/amr_navigationConfig-version.cmake
[9.931s] -- Symlinking: /root/ros2_ws/install/amr_navigation/share/amr_navigation/package.xml
[9.940s] Invoked command in '/root/ros2_ws/build/amr_navigation' returned '0': CMAKE_PREFIX_PATH=${CMAKE_PREFIX_PATH}:/root/ros2_ws/install/webserver_interface_ros2:/root/ros2_ws/install/waypoint_node_manager:/opt/ros/humble /usr/bin/cmake --install /root/ros2_ws/build/amr_navigation
