-- The C compiler identification is GNU 11.4.0
-- The CXX compiler identification is GNU 11.4.0
-- Detecting C compiler ABI info
-- Detecting C compiler ABI info - done
-- Check for working C compiler: /usr/bin/cc - skipped
-- Detecting C compile features
-- Detecting C compile features - done
-- Detecting CXX compiler ABI info
-- Detecting CXX compiler ABI info - done
-- Check for working CXX compiler: /usr/bin/c++ - skipped
-- Detecting CXX compile features
-- Detecting CXX compile features - done
-- Found ament_cmake: 1.3.11 (/opt/ros/humble/share/ament_cmake/cmake)
-- Found Python3: /usr/bin/python3 (found version "3.10.12") found components: Interpreter 
-- Override CMake install command with custom implementation using symlinks instead of copying resources
-- Found ament_cmake_ros: 0.10.0 (/opt/ros/humble/share/ament_cmake_ros/cmake)
-- Found pluginlib: 5.1.0 (/opt/ros/humble/share/pluginlib/cmake)
-- Found rviz_common: 11.2.17 (/opt/ros/humble/share/rviz_common/cmake)
-- Setting assimp_DIR to: '/opt/ros/humble/share/rviz_assimp_vendor/cmake/../../../opt/rviz_assimp_vendor/lib/cmake/assimp-4.1'
-- Setting OGRE_DIR to: '/opt/ros/humble/share/rviz_ogre_vendor/cmake/../../../opt/rviz_ogre_vendor/lib/OGRE/cmake'
-- Found OGRE
--   static     : OFF
--   components : HLMS;MeshLodGenerator;Overlay;Paging;Property;RTShaderSystem;Terrain;Volume
--   plugins    : Plugin_BSPSceneManager;Plugin_OctreeSceneManager;Plugin_PCZSceneManager;Plugin_ParticleFX;RenderSystem_GL;RenderSystem_GL3Plus;Codec_STBI
--   media      : /opt/ros/humble/opt/rviz_ogre_vendor/share/OGRE/Media
-- OGRE_LIBRARIES: OgreHLMS;OgreMeshLodGenerator;OgreOverlay;OgrePaging;OgreProperty;OgreRTShaderSystem;OgreTerrain;OgreVolume;OgreMain
-- OGRE_LIBRARY_DIRS: /opt/ros/humble/opt/rviz_ogre_vendor/lib
-- OGRE_PLUGINS: Plugin_BSPSceneManager;Plugin_OctreeSceneManager;Plugin_PCZSceneManager;Plugin_ParticleFX;RenderSystem_GL;RenderSystem_GL3Plus;Codec_STBI
-- OGRE_PLUGIN_DIR: /opt/ros/humble/opt/rviz_ogre_vendor/lib/OGRE
-- rviz_ogre_vendor::OgreOverlay for IMPORTED_LOCATION_RELEASE: /opt/ros/humble/opt/rviz_ogre_vendor/lib/libOgreOverlay.so
-- rviz_ogre_vendor::OgreOverlay for IMPORTED_LOCATION_DEBUG: /opt/ros/humble/opt/rviz_ogre_vendor/lib/libOgreOverlay.so
-- rviz_ogre_vendor::OgreMain for IMPORTED_LOCATION_RELEASE: /opt/ros/humble/opt/rviz_ogre_vendor/lib/libOgreMain.so
-- rviz_ogre_vendor::OgreMain for IMPORTED_LOCATION_DEBUG: /opt/ros/humble/opt/rviz_ogre_vendor/lib/libOgreMain.so
-- Found ZLIB: /usr/lib/x86_64-linux-gnu/libz.so (found version "1.2.11") 
-- Found OpenGL: /usr/lib/x86_64-linux-gnu/libOpenGL.so   
-- Found X11: /usr/include   
-- Looking for XOpenDisplay in /usr/lib/x86_64-linux-gnu/libX11.so;/usr/lib/x86_64-linux-gnu/libXext.so
-- Looking for XOpenDisplay in /usr/lib/x86_64-linux-gnu/libX11.so;/usr/lib/x86_64-linux-gnu/libXext.so - found
-- Looking for gethostbyname
-- Looking for gethostbyname - found
-- Looking for connect
-- Looking for connect - found
-- Looking for remove
-- Looking for remove - found
-- Looking for shmat
-- Looking for shmat - found
-- Looking for IceConnectionNumber in ICE
-- Looking for IceConnectionNumber in ICE - found
-- library: /usr/lib/x86_64-linux-gnu/libcurl.so
-- Found rosidl_generator_c: 3.1.6 (/opt/ros/humble/share/rosidl_generator_c/cmake)
-- Found rosidl_adapter: 3.1.6 (/opt/ros/humble/share/rosidl_adapter/cmake)
-- Found rosidl_generator_cpp: 3.1.6 (/opt/ros/humble/share/rosidl_generator_cpp/cmake)
-- Using all available rosidl_typesupport_c: rosidl_typesupport_fastrtps_c;rosidl_typesupport_introspection_c
-- Using all available rosidl_typesupport_cpp: rosidl_typesupport_fastrtps_cpp;rosidl_typesupport_introspection_cpp
-- Found rmw_implementation_cmake: 6.1.2 (/opt/ros/humble/share/rmw_implementation_cmake/cmake)
-- Found rmw_cyclonedds_cpp: 1.3.4 (/opt/ros/humble/share/rmw_cyclonedds_cpp/cmake)
-- Using RMW implementation 'rmw_cyclonedds_cpp' as default
-- Looking for pthread.h
-- Looking for pthread.h - found
-- Performing Test CMAKE_HAVE_LIBC_PTHREAD
-- Performing Test CMAKE_HAVE_LIBC_PTHREAD - Success
-- Found Threads: TRUE  
-- Found Eigen3: TRUE (found version "3.4.0") 
-- Ensuring Eigen3 include directory is part of orocos-kdl CMake target
-- Found san_msgs: 0.0.0 (/root/ros2_ws/install/san_msgs/share/san_msgs/cmake)
-- Configuring done
-- Generating done
-- Build files have been written to: /root/ros2_ws/build/caselab_rviz_plugin
[  8%] [34m[1mAutomatic MOC for target caselab_rviz_plugin[0m
[  8%] Built target caselab_rviz_plugin_autogen
[ 25%] [34m[1mGenerating include/moc_ammrTask_panel.cpp[0m
[ 33%] [34m[1mGenerating include/moc_camswitch_panel.cpp[0m
[ 33%] [34m[1mGenerating include/moc_demo_panel.cpp[0m
[ 41%] [32mBuilding CXX object CMakeFiles/caselab_rviz_plugin.dir/caselab_rviz_plugin_autogen/mocs_compilation.cpp.o[0m
[ 50%] [32mBuilding CXX object CMakeFiles/caselab_rviz_plugin.dir/src/demo_panel.cpp.o[0m
[ 58%] [32mBuilding CXX object CMakeFiles/caselab_rviz_plugin.dir/include/moc_demo_panel.cpp.o[0m
[ 66%] [32mBuilding CXX object CMakeFiles/caselab_rviz_plugin.dir/src/ammrTask_panel.cpp.o[0m
[ 75%] [32mBuilding CXX object CMakeFiles/caselab_rviz_plugin.dir/src/camswitch_panel.cpp.o[0m
[ 83%] [32mBuilding CXX object CMakeFiles/caselab_rviz_plugin.dir/include/moc_camswitch_panel.cpp.o[0m
[ 91%] [32mBuilding CXX object CMakeFiles/caselab_rviz_plugin.dir/include/moc_ammrTask_panel.cpp.o[0m
[100%] [32m[1mLinking CXX shared library libcaselab_rviz_plugin.so[0m
[100%] Built target caselab_rviz_plugin
-- Install configuration: ""
-- Execute custom install script
-- Symlinking: /root/ros2_ws/install/caselab_rviz_plugin/include/ammrTask_panel.hpp
-- Symlinking: /root/ros2_ws/install/caselab_rviz_plugin/include/camswitch_panel.hpp
-- Symlinking: /root/ros2_ws/install/caselab_rviz_plugin/include/demo_panel.hpp
-- Symlinking: /root/ros2_ws/install/caselab_rviz_plugin/share/caselab_rviz_plugin/rviz_common_plugins.xml
-- Symlinking: /root/ros2_ws/install/caselab_rviz_plugin/share/caselab_rviz_plugin/icons/classes/DemoPanel.png
-- Symlinking: /root/ros2_ws/install/caselab_rviz_plugin/share/caselab_rviz_plugin/task/ammrtask.yaml
-- Symlinking: /root/ros2_ws/install/caselab_rviz_plugin/share/caselab_rviz_plugin/rviz/ammr.rviz
-- Symlinking: /root/ros2_ws/install/caselab_rviz_plugin/share/caselab_rviz_plugin/launch/test.launch.py
-- Up-to-date symlink: /root/ros2_ws/install/caselab_rviz_plugin/share/caselab_rviz_plugin//rviz_common_plugins.xml
-- Symlinking: /root/ros2_ws/install/caselab_rviz_plugin/share/ament_index/resource_index/package_run_dependencies/caselab_rviz_plugin
-- Symlinking: /root/ros2_ws/install/caselab_rviz_plugin/share/ament_index/resource_index/parent_prefix_path/caselab_rviz_plugin
-- Symlinking: /root/ros2_ws/install/caselab_rviz_plugin/share/caselab_rviz_plugin/environment/ament_prefix_path.sh
-- Symlinking: /root/ros2_ws/install/caselab_rviz_plugin/share/caselab_rviz_plugin/environment/ament_prefix_path.dsv
-- Symlinking: /root/ros2_ws/install/caselab_rviz_plugin/share/caselab_rviz_plugin/environment/path.sh
-- Symlinking: /root/ros2_ws/install/caselab_rviz_plugin/share/caselab_rviz_plugin/environment/path.dsv
-- Symlinking: /root/ros2_ws/install/caselab_rviz_plugin/share/caselab_rviz_plugin/local_setup.bash
-- Symlinking: /root/ros2_ws/install/caselab_rviz_plugin/share/caselab_rviz_plugin/local_setup.sh
-- Symlinking: /root/ros2_ws/install/caselab_rviz_plugin/share/caselab_rviz_plugin/local_setup.zsh
-- Symlinking: /root/ros2_ws/install/caselab_rviz_plugin/share/caselab_rviz_plugin/local_setup.dsv
-- Symlinking: /root/ros2_ws/install/caselab_rviz_plugin/share/caselab_rviz_plugin/package.dsv
-- Symlinking: /root/ros2_ws/install/caselab_rviz_plugin/share/ament_index/resource_index/packages/caselab_rviz_plugin
-- Symlinking: /root/ros2_ws/install/caselab_rviz_plugin/share/ament_index/resource_index/rviz_common__pluginlib__plugin/caselab_rviz_plugin
-- Symlinking: /root/ros2_ws/install/caselab_rviz_plugin/share/caselab_rviz_plugin/cmake/ament_cmake_export_include_directories-extras.cmake
-- Symlinking: /root/ros2_ws/install/caselab_rviz_plugin/share/caselab_rviz_plugin/cmake/ament_cmake_export_targets-extras.cmake
-- Symlinking: /root/ros2_ws/install/caselab_rviz_plugin/share/caselab_rviz_plugin/cmake/caselab_rviz_pluginConfig.cmake
-- Symlinking: /root/ros2_ws/install/caselab_rviz_plugin/share/caselab_rviz_plugin/cmake/caselab_rviz_pluginConfig-version.cmake
-- Symlinking: /root/ros2_ws/install/caselab_rviz_plugin/share/caselab_rviz_plugin/package.xml
-- Installing: /root/ros2_ws/install/caselab_rviz_plugin/lib/libcaselab_rviz_plugin.so
-- Set runtime path of "/root/ros2_ws/install/caselab_rviz_plugin/lib/libcaselab_rviz_plugin.so" to ""
-- Installing: /root/ros2_ws/install/caselab_rviz_plugin/share/caselab_rviz_plugin/cmake/export_caselab_rviz_pluginExport.cmake
-- Installing: /root/ros2_ws/install/caselab_rviz_plugin/share/caselab_rviz_plugin/cmake/export_caselab_rviz_pluginExport-noconfig.cmake
