[0.032s] Invoking command in '/root/ros2_ws/build/amr_description': CMAKE_PREFIX_PATH=${CMAKE_PREFIX_PATH}:/root/ros2_ws/install/webserver_interface_ros2:/root/ros2_ws/install/waypoint_node_manager:/opt/ros/humble /usr/bin/cmake /root/ros2_ws/src/robot_simulator/dependency_pkgs/MOBILE_ROBOT_BASIC/amr_description -DAMENT_CMAKE_SYMLINK_INSTALL=1 -DCMAKE_INSTALL_PREFIX=/root/ros2_ws/install/amr_description
[0.366s] -- The C compiler identification is GNU 11.4.0
[0.366s] -- The CXX compiler identification is GNU 11.4.0
[0.366s] -- Detecting C compiler ABI info
[0.366s] -- Detecting C compiler ABI info - done
[0.366s] -- Check for working C compiler: /usr/bin/cc - skipped
[0.366s] -- Detecting C compile features
[0.366s] -- Detecting C compile features - done
[0.366s] -- Detecting CXX compiler ABI info
[0.366s] -- Detecting CXX compiler ABI info - done
[0.366s] -- Check for working CXX compiler: /usr/bin/c++ - skipped
[0.366s] -- Detecting CXX compile features
[0.366s] -- Detecting CXX compile features - done
[0.367s] -- Found ament_cmake: 1.3.11 (/opt/ros/humble/share/ament_cmake/cmake)
[0.467s] -- Found Python3: /usr/bin/python3 (found version "3.10.12") found components: Interpreter 
[0.529s] -- Override CMake install command with custom implementation using symlinks instead of copying resources
[0.578s] -- Found urdf: 2.6.1 (/opt/ros/humble/share/urdf/cmake)
[0.670s] -- Found xacro: 2.0.13 (/opt/ros/humble/share/xacro/cmake)
[0.673s] -- Found tf2: 0.25.13 (/opt/ros/humble/share/tf2/cmake)
[0.718s] -- Found rosidl_generator_c: 3.1.6 (/opt/ros/humble/share/rosidl_generator_c/cmake)
[0.727s] -- Found rosidl_adapter: 3.1.6 (/opt/ros/humble/share/rosidl_adapter/cmake)
[0.742s] -- Found rosidl_generator_cpp: 3.1.6 (/opt/ros/humble/share/rosidl_generator_cpp/cmake)
[0.764s] -- Using all available rosidl_typesupport_c: rosidl_typesupport_fastrtps_c;rosidl_typesupport_introspection_c
[0.788s] -- Using all available rosidl_typesupport_cpp: rosidl_typesupport_fastrtps_cpp;rosidl_typesupport_introspection_cpp
[0.941s] -- Configuring done
[0.945s] -- Generating done
[0.946s] -- Build files have been written to: /root/ros2_ws/build/amr_description
[0.955s] Invoked command in '/root/ros2_ws/build/amr_description' returned '0': CMAKE_PREFIX_PATH=${CMAKE_PREFIX_PATH}:/root/ros2_ws/install/webserver_interface_ros2:/root/ros2_ws/install/waypoint_node_manager:/opt/ros/humble /usr/bin/cmake /root/ros2_ws/src/robot_simulator/dependency_pkgs/MOBILE_ROBOT_BASIC/amr_description -DAMENT_CMAKE_SYMLINK_INSTALL=1 -DCMAKE_INSTALL_PREFIX=/root/ros2_ws/install/amr_description
[0.957s] Invoking command in '/root/ros2_ws/build/amr_description': CMAKE_PREFIX_PATH=${CMAKE_PREFIX_PATH}:/root/ros2_ws/install/webserver_interface_ros2:/root/ros2_ws/install/waypoint_node_manager:/opt/ros/humble /usr/bin/cmake --build /root/ros2_ws/build/amr_description -- -j16 -l16
[0.987s] Invoked command in '/root/ros2_ws/build/amr_description' returned '0': CMAKE_PREFIX_PATH=${CMAKE_PREFIX_PATH}:/root/ros2_ws/install/webserver_interface_ros2:/root/ros2_ws/install/waypoint_node_manager:/opt/ros/humble /usr/bin/cmake --build /root/ros2_ws/build/amr_description -- -j16 -l16
[0.988s] Invoking command in '/root/ros2_ws/build/amr_description': CMAKE_PREFIX_PATH=${CMAKE_PREFIX_PATH}:/root/ros2_ws/install/webserver_interface_ros2:/root/ros2_ws/install/waypoint_node_manager:/opt/ros/humble /usr/bin/cmake --install /root/ros2_ws/build/amr_description
[0.994s] -- Install configuration: ""
[0.995s] -- Execute custom install script
[0.995s] -- Symlinking: /root/ros2_ws/install/amr_description/share/amr_description/urdf/ammr.sdf
[1.007s] -- Symlinking: /root/ros2_ws/install/amr_description/share/amr_description/urdf/ammr.urdf.xacro
[1.018s] -- Symlinking: /root/ros2_ws/install/amr_description/share/amr_description/meshes/bracket.STL
[1.027s] -- Symlinking: /root/ros2_ws/install/amr_description/share/amr_description/meshes/caster_back_link.STL
[1.034s] -- Symlinking: /root/ros2_ws/install/amr_description/share/amr_description/meshes/d415.stl
[1.041s] -- Symlinking: /root/ros2_ws/install/amr_description/share/amr_description/meshes/d435.dae
[1.048s] -- Symlinking: /root/ros2_ws/install/amr_description/share/amr_description/meshes/d455.stl
[1.056s] -- Symlinking: /root/ros2_ws/install/amr_description/share/amr_description/meshes/l515.dae
[1.064s] -- Symlinking: /root/ros2_ws/install/amr_description/share/amr_description/meshes/lidar.STL
[1.071s] -- Symlinking: /root/ros2_ws/install/amr_description/share/amr_description/meshes/lidar_and_camera.STL
[1.078s] -- Symlinking: /root/ros2_ws/install/amr_description/share/amr_description/meshes/plug.stl
[1.086s] -- Symlinking: /root/ros2_ws/install/amr_description/share/amr_description/meshes/plug_collision.stl
[1.093s] -- Symlinking: /root/ros2_ws/install/amr_description/share/amr_description/meshes/tg30.dae
[1.101s] -- Symlinking: /root/ros2_ws/install/amr_description/share/amr_description/meshes/zedxm.dae
[1.111s] -- Symlinking: /root/ros2_ws/install/amr_description/share/amr_description/meshes/zedxm.stl
[1.122s] -- Symlinking: /root/ros2_ws/install/amr_description/share/amr_description/launch/amr_description.launch.py
[1.132s] -- Symlinking: /root/ros2_ws/install/amr_description/share/ament_index/resource_index/package_run_dependencies/amr_description
[1.140s] -- Symlinking: /root/ros2_ws/install/amr_description/share/ament_index/resource_index/parent_prefix_path/amr_description
[1.152s] -- Symlinking: /root/ros2_ws/install/amr_description/share/amr_description/environment/ament_prefix_path.sh
[1.157s] -- Symlinking: /root/ros2_ws/install/amr_description/share/amr_description/environment/ament_prefix_path.dsv
[1.165s] -- Symlinking: /root/ros2_ws/install/amr_description/share/amr_description/environment/path.sh
[1.173s] -- Symlinking: /root/ros2_ws/install/amr_description/share/amr_description/environment/path.dsv
[1.180s] -- Symlinking: /root/ros2_ws/install/amr_description/share/amr_description/local_setup.bash
[1.188s] -- Symlinking: /root/ros2_ws/install/amr_description/share/amr_description/local_setup.sh
[1.195s] -- Symlinking: /root/ros2_ws/install/amr_description/share/amr_description/local_setup.zsh
[1.203s] -- Symlinking: /root/ros2_ws/install/amr_description/share/amr_description/local_setup.dsv
[1.211s] -- Symlinking: /root/ros2_ws/install/amr_description/share/amr_description/package.dsv
[1.218s] -- Symlinking: /root/ros2_ws/install/amr_description/share/ament_index/resource_index/packages/amr_description
[1.226s] -- Symlinking: /root/ros2_ws/install/amr_description/share/amr_description/cmake/amr_descriptionConfig.cmake
[1.234s] -- Symlinking: /root/ros2_ws/install/amr_description/share/amr_description/cmake/amr_descriptionConfig-version.cmake
[1.242s] -- Symlinking: /root/ros2_ws/install/amr_description/share/amr_description/package.xml
[1.251s] Invoked command in '/root/ros2_ws/build/amr_description' returned '0': CMAKE_PREFIX_PATH=${CMAKE_PREFIX_PATH}:/root/ros2_ws/install/webserver_interface_ros2:/root/ros2_ws/install/waypoint_node_manager:/opt/ros/humble /usr/bin/cmake --install /root/ros2_ws/build/amr_description
