[0.029s] Invoking command in '/root/ros2_ws/build/amr_odometry': CMAKE_PREFIX_PATH=${CMAKE_PREFIX_PATH}:/root/ros2_ws/install/webserver_interface_ros2:/root/ros2_ws/install/waypoint_node_manager:/opt/ros/humble /usr/bin/cmake /root/ros2_ws/src/robot_simulator/dependency_pkgs/MOBILE_ROBOT_BASIC/amr_odometry -DAMENT_CMAKE_SYMLINK_INSTALL=1 -DCMAKE_INSTALL_PREFIX=/root/ros2_ws/install/amr_odometry
[0.362s] -- The C compiler identification is GNU 11.4.0
[0.362s] -- The CXX compiler identification is GNU 11.4.0
[0.362s] -- Detecting C compiler ABI info
[0.362s] -- Detecting C compiler ABI info - done
[0.362s] -- Check for working C compiler: /usr/bin/cc - skipped
[0.363s] -- Detecting C compile features
[0.363s] -- Detecting C compile features - done
[0.363s] -- Detecting CXX compiler ABI info
[0.363s] -- Detecting CXX compiler ABI info - done
[0.363s] -- Check for working CXX compiler: /usr/bin/c++ - skipped
[0.363s] -- Detecting CXX compile features
[0.363s] -- Detecting CXX compile features - done
[0.363s] -- Found ament_cmake: 1.3.11 (/opt/ros/humble/share/ament_cmake/cmake)
[0.474s] -- Found Python3: /usr/bin/python3 (found version "3.10.12") found components: Interpreter 
[0.539s] -- Override CMake install command with custom implementation using symlinks instead of copying resources
[0.583s] -- Found rclcpp: 16.0.12 (/opt/ros/humble/share/rclcpp/cmake)
[0.638s] -- Found rosidl_generator_c: 3.1.6 (/opt/ros/humble/share/rosidl_generator_c/cmake)
[0.644s] -- Found rosidl_adapter: 3.1.6 (/opt/ros/humble/share/rosidl_adapter/cmake)
[0.653s] -- Found rosidl_generator_cpp: 3.1.6 (/opt/ros/humble/share/rosidl_generator_cpp/cmake)
[0.667s] -- Using all available rosidl_typesupport_c: rosidl_typesupport_fastrtps_c;rosidl_typesupport_introspection_c
[0.694s] -- Using all available rosidl_typesupport_cpp: rosidl_typesupport_fastrtps_cpp;rosidl_typesupport_introspection_cpp
[0.762s] -- Found rmw_implementation_cmake: 6.1.2 (/opt/ros/humble/share/rmw_implementation_cmake/cmake)
[0.767s] -- Found rmw_cyclonedds_cpp: 1.3.4 (/opt/ros/humble/share/rmw_cyclonedds_cpp/cmake)
[0.793s] -- Using RMW implementation 'rmw_cyclonedds_cpp' as default
[0.807s] -- Looking for pthread.h
[0.872s] -- Looking for pthread.h - found
[0.872s] -- Performing Test CMAKE_HAVE_LIBC_PTHREAD
[0.954s] -- Performing Test CMAKE_HAVE_LIBC_PTHREAD - Success
[0.955s] -- Found Threads: TRUE  
[1.043s] -- Found tf2: 0.25.13 (/opt/ros/humble/share/tf2/cmake)
[1.075s] -- Found tf2_ros: 0.25.13 (/opt/ros/humble/share/tf2_ros/cmake)
[1.218s] -- Found tf2_geometry_msgs: 0.25.13 (/opt/ros/humble/share/tf2_geometry_msgs/cmake)
[1.240s] -- Found eigen3_cmake_module: 0.1.1 (/opt/ros/humble/share/eigen3_cmake_module/cmake)
[1.242s] -- Found Eigen3: TRUE (found version "3.4.0") 
[1.242s] -- Ensuring Eigen3 include directory is part of orocos-kdl CMake target
[1.248s] -- Found nav_msgs: 4.9.0 (/opt/ros/humble/share/nav_msgs/cmake)
[1.269s] -- Found sensor_msgs: 4.9.0 (/opt/ros/humble/share/sensor_msgs/cmake)
[1.363s] -- Configuring done
[1.377s] -- Generating done
[1.383s] -- Build files have been written to: /root/ros2_ws/build/amr_odometry
[1.393s] Invoked command in '/root/ros2_ws/build/amr_odometry' returned '0': CMAKE_PREFIX_PATH=${CMAKE_PREFIX_PATH}:/root/ros2_ws/install/webserver_interface_ros2:/root/ros2_ws/install/waypoint_node_manager:/opt/ros/humble /usr/bin/cmake /root/ros2_ws/src/robot_simulator/dependency_pkgs/MOBILE_ROBOT_BASIC/amr_odometry -DAMENT_CMAKE_SYMLINK_INSTALL=1 -DCMAKE_INSTALL_PREFIX=/root/ros2_ws/install/amr_odometry
[1.395s] Invoking command in '/root/ros2_ws/build/amr_odometry': CMAKE_PREFIX_PATH=${CMAKE_PREFIX_PATH}:/root/ros2_ws/install/webserver_interface_ros2:/root/ros2_ws/install/waypoint_node_manager:/opt/ros/humble /usr/bin/cmake --build /root/ros2_ws/build/amr_odometry -- -j16 -l16
[1.440s] [ 25%] [32mBuilding CXX object CMakeFiles/amr_odometry_lib.dir/src/odometry_publisher.cpp.o[0m
[16.742s] [ 50%] [32m[1mLinking CXX shared library libamr_odometry_lib.so[0m
[17.311s] [ 50%] Built target amr_odometry_lib
[17.327s] [ 75%] [32mBuilding CXX object CMakeFiles/amr_odometry.dir/src/odometry_publisher.cpp.o[0m
[33.372s] [100%] [32m[1mLinking CXX executable amr_odometry[0m
[33.914s] [100%] Built target amr_odometry
[33.923s] Invoked command in '/root/ros2_ws/build/amr_odometry' returned '0': CMAKE_PREFIX_PATH=${CMAKE_PREFIX_PATH}:/root/ros2_ws/install/webserver_interface_ros2:/root/ros2_ws/install/waypoint_node_manager:/opt/ros/humble /usr/bin/cmake --build /root/ros2_ws/build/amr_odometry -- -j16 -l16
[33.925s] Invoking command in '/root/ros2_ws/build/amr_odometry': CMAKE_PREFIX_PATH=${CMAKE_PREFIX_PATH}:/root/ros2_ws/install/webserver_interface_ros2:/root/ros2_ws/install/waypoint_node_manager:/opt/ros/humble /usr/bin/cmake --install /root/ros2_ws/build/amr_odometry
[33.931s] -- Install configuration: ""
[33.931s] -- Execute custom install script
[33.932s] -- Symlinking: /root/ros2_ws/install/amr_odometry/lib/amr_odometry/amr_odometry
[33.939s] -- Symlinking: /root/ros2_ws/install/amr_odometry/lib/amr_odometry/libamr_odometry_lib.so
[33.949s] -- Symlinking: /root/ros2_ws/install/amr_odometry/include/amr_odometry/odometry_publisher.h
[33.957s] -- Symlinking: /root/ros2_ws/install/amr_odometry/share/amr_odometry/param/param.yaml
[33.964s] -- Symlinking: /root/ros2_ws/install/amr_odometry/share/amr_odometry/launch/ekf.launch
[33.971s] -- Symlinking: /root/ros2_ws/install/amr_odometry/share/amr_odometry/launch/odom.launch.py
[33.979s] -- Symlinking: /root/ros2_ws/install/amr_odometry/share/ament_index/resource_index/package_run_dependencies/amr_odometry
[33.987s] -- Symlinking: /root/ros2_ws/install/amr_odometry/share/ament_index/resource_index/parent_prefix_path/amr_odometry
[33.995s] -- Symlinking: /root/ros2_ws/install/amr_odometry/share/amr_odometry/environment/ament_prefix_path.sh
[34.002s] -- Symlinking: /root/ros2_ws/install/amr_odometry/share/amr_odometry/environment/ament_prefix_path.dsv
[34.009s] -- Symlinking: /root/ros2_ws/install/amr_odometry/share/amr_odometry/environment/path.sh
[34.016s] -- Symlinking: /root/ros2_ws/install/amr_odometry/share/amr_odometry/environment/path.dsv
[34.024s] -- Symlinking: /root/ros2_ws/install/amr_odometry/share/amr_odometry/local_setup.bash
[34.031s] -- Symlinking: /root/ros2_ws/install/amr_odometry/share/amr_odometry/local_setup.sh
[34.039s] -- Symlinking: /root/ros2_ws/install/amr_odometry/share/amr_odometry/local_setup.zsh
[34.047s] -- Symlinking: /root/ros2_ws/install/amr_odometry/share/amr_odometry/local_setup.dsv
[34.055s] -- Symlinking: /root/ros2_ws/install/amr_odometry/share/amr_odometry/package.dsv
[34.063s] -- Symlinking: /root/ros2_ws/install/amr_odometry/share/ament_index/resource_index/packages/amr_odometry
[34.071s] -- Symlinking: /root/ros2_ws/install/amr_odometry/share/amr_odometry/cmake/amr_odometryConfig.cmake
[34.079s] -- Symlinking: /root/ros2_ws/install/amr_odometry/share/amr_odometry/cmake/amr_odometryConfig-version.cmake
[34.087s] -- Symlinking: /root/ros2_ws/install/amr_odometry/share/amr_odometry/package.xml
[34.097s] Invoked command in '/root/ros2_ws/build/amr_odometry' returned '0': CMAKE_PREFIX_PATH=${CMAKE_PREFIX_PATH}:/root/ros2_ws/install/webserver_interface_ros2:/root/ros2_ws/install/waypoint_node_manager:/opt/ros/humble /usr/bin/cmake --install /root/ros2_ws/build/amr_odometry
