-- The C compiler identification is GNU 11.4.0
-- The CXX compiler identification is GNU 11.4.0
-- Detecting C compiler ABI info
-- Detecting C compiler ABI info - done
-- Check for working C compiler: /usr/bin/cc - skipped
-- Detecting C compile features
-- Detecting C compile features - done
-- Detecting CXX compiler ABI info
-- Detecting CXX compiler ABI info - done
-- Check for working CXX compiler: /usr/bin/c++ - skipped
-- Detecting CXX compile features
-- Detecting CXX compile features - done
-- Found ament_cmake: 1.3.11 (/opt/ros/humble/share/ament_cmake/cmake)
-- Found Python3: /usr/bin/python3 (found version "3.10.12") found components: Interpreter 
-- Override CMake install command with custom implementation using symlinks instead of copying resources
-- Found rclcpp: 16.0.12 (/opt/ros/humble/share/rclcpp/cmake)
-- Found rosidl_generator_c: 3.1.6 (/opt/ros/humble/share/rosidl_generator_c/cmake)
-- Found rosidl_adapter: 3.1.6 (/opt/ros/humble/share/rosidl_adapter/cmake)
-- Found rosidl_generator_cpp: 3.1.6 (/opt/ros/humble/share/rosidl_generator_cpp/cmake)
-- Using all available rosidl_typesupport_c: rosidl_typesupport_fastrtps_c;rosidl_typesupport_introspection_c
-- Using all available rosidl_typesupport_cpp: rosidl_typesupport_fastrtps_cpp;rosidl_typesupport_introspection_cpp
-- Found rmw_implementation_cmake: 6.1.2 (/opt/ros/humble/share/rmw_implementation_cmake/cmake)
-- Found rmw_cyclonedds_cpp: 1.3.4 (/opt/ros/humble/share/rmw_cyclonedds_cpp/cmake)
-- Using RMW implementation 'rmw_cyclonedds_cpp' as default
-- Looking for pthread.h
-- Looking for pthread.h - found
-- Performing Test CMAKE_HAVE_LIBC_PTHREAD
-- Performing Test CMAKE_HAVE_LIBC_PTHREAD - Success
-- Found Threads: TRUE  
-- Found rclcpp_action: 16.0.12 (/opt/ros/humble/share/rclcpp_action/cmake)
-- Found sensor_msgs: 4.9.0 (/opt/ros/humble/share/sensor_msgs/cmake)
-- Found nav_msgs: 4.9.0 (/opt/ros/humble/share/nav_msgs/cmake)
-- Found nav2_msgs: 1.1.18 (/opt/ros/humble/share/nav2_msgs/cmake)
-- Found tf2: 0.25.13 (/opt/ros/humble/share/tf2/cmake)
-- Found tf2_ros: 0.25.13 (/opt/ros/humble/share/tf2_ros/cmake)
-- Found tf2_geometry_msgs: 0.25.13 (/opt/ros/humble/share/tf2_geometry_msgs/cmake)
-- Found eigen3_cmake_module: 0.1.1 (/opt/ros/humble/share/eigen3_cmake_module/cmake)
-- Found Eigen3: TRUE (found version "3.4.0") 
-- Ensuring Eigen3 include directory is part of orocos-kdl CMake target
-- Found std_srvs: 4.9.0 (/opt/ros/humble/share/std_srvs/cmake)
-- Found san_msgs: 0.0.0 (/root/ros2_ws/install/san_msgs/share/san_msgs/cmake)
-- Found visualization_msgs: 4.9.0 (/opt/ros/humble/share/visualization_msgs/cmake)
-- Configuring done
-- Generating done
-- Build files have been written to: /root/ros2_ws/build/amr_interface
[ 22%] [32mBuilding CXX object CMakeFiles/amr_interface_lib.dir/src/interface.cpp.o[0m
[ 22%] [32mBuilding CXX object CMakeFiles/amr_interface_lib.dir/src/path_status_manager.cpp.o[0m
[ 44%] [32mBuilding CXX object CMakeFiles/amr_interface_lib.dir/src/parameter_updater.cpp.o[0m
[ 55%] [32mBuilding CXX object CMakeFiles/amr_interface_lib.dir/src/execution.cpp.o[0m
[ 55%] [32mBuilding CXX object CMakeFiles/amr_interface_lib.dir/src/map_manager.cpp.o[0m
[ 66%] [32mBuilding CXX object CMakeFiles/amr_interface_lib.dir/src/node_manager.cpp.o[0m
[ 77%] [32m[1mLinking CXX shared library libamr_interface_lib.so[0m
[ 77%] Built target amr_interface_lib
[ 88%] [32mBuilding CXX object CMakeFiles/interface_node.dir/src/node/interface_node.cpp.o[0m
[100%] [32m[1mLinking CXX executable interface_node[0m
[100%] Built target interface_node
-- Install configuration: ""
-- Execute custom install script
-- Symlinking: /root/ros2_ws/install/amr_interface/lib/amr_interface/interface_node
-- Symlinking: /root/ros2_ws/install/amr_interface/lib/amr_interface/libamr_interface_lib.so
-- Symlinking: /root/ros2_ws/install/amr_interface/include/amr_interface/enhanced_execution.hpp
-- Symlinking: /root/ros2_ws/install/amr_interface/include/amr_interface/execution.hpp
-- Symlinking: /root/ros2_ws/install/amr_interface/include/amr_interface/interface.hpp
-- Symlinking: /root/ros2_ws/install/amr_interface/include/amr_interface/map_manager.hpp
-- Symlinking: /root/ros2_ws/install/amr_interface/include/amr_interface/node_manager.hpp
-- Symlinking: /root/ros2_ws/install/amr_interface/include/amr_interface/parameter_updater.hpp
-- Symlinking: /root/ros2_ws/install/amr_interface/include/amr_interface/path_status_manager.hpp
-- Symlinking: /root/ros2_ws/install/amr_interface/include/amr_interface/simulation.h
-- Symlinking: /root/ros2_ws/install/amr_interface/include/amr_interface/state.hpp
-- Symlinking: /root/ros2_ws/install/amr_interface/share/amr_interface/param/interface.yaml
-- Symlinking: /root/ros2_ws/install/amr_interface/share/amr_interface/param/update_param.yaml
-- Symlinking: /root/ros2_ws/install/amr_interface/share/amr_interface/launch/interface.launch.py
-- Symlinking: /root/ros2_ws/install/amr_interface/share/ament_index/resource_index/package_run_dependencies/amr_interface
-- Symlinking: /root/ros2_ws/install/amr_interface/share/ament_index/resource_index/parent_prefix_path/amr_interface
-- Symlinking: /root/ros2_ws/install/amr_interface/share/amr_interface/environment/ament_prefix_path.sh
-- Symlinking: /root/ros2_ws/install/amr_interface/share/amr_interface/environment/ament_prefix_path.dsv
-- Symlinking: /root/ros2_ws/install/amr_interface/share/amr_interface/environment/path.sh
-- Symlinking: /root/ros2_ws/install/amr_interface/share/amr_interface/environment/path.dsv
-- Symlinking: /root/ros2_ws/install/amr_interface/share/amr_interface/local_setup.bash
-- Symlinking: /root/ros2_ws/install/amr_interface/share/amr_interface/local_setup.sh
-- Symlinking: /root/ros2_ws/install/amr_interface/share/amr_interface/local_setup.zsh
-- Symlinking: /root/ros2_ws/install/amr_interface/share/amr_interface/local_setup.dsv
-- Symlinking: /root/ros2_ws/install/amr_interface/share/amr_interface/package.dsv
-- Symlinking: /root/ros2_ws/install/amr_interface/share/ament_index/resource_index/packages/amr_interface
-- Symlinking: /root/ros2_ws/install/amr_interface/share/amr_interface/cmake/amr_interfaceConfig.cmake
-- Symlinking: /root/ros2_ws/install/amr_interface/share/amr_interface/cmake/amr_interfaceConfig-version.cmake
-- Symlinking: /root/ros2_ws/install/amr_interface/share/amr_interface/package.xml
