-- The C compiler identification is GNU 11.4.0
-- The CXX compiler identification is GNU 11.4.0
-- Detecting C compiler ABI info
-- Detecting C compiler ABI info - done
-- Check for working C compiler: /usr/bin/cc - skipped
-- Detecting C compile features
-- Detecting C compile features - done
-- Detecting CXX compiler ABI info
-- Detecting CXX compiler ABI info - done
-- Check for working CXX compiler: /usr/bin/c++ - skipped
-- Detecting CXX compile features
-- Detecting CXX compile features - done
-- Found ament_cmake: 1.3.11 (/opt/ros/humble/share/ament_cmake/cmake)
-- Found Python3: /usr/bin/python3 (found version "3.10.12") found components: Interpreter 
-- Override CMake install command with custom implementation using symlinks instead of copying resources
-- Configuring done
-- Generating done
-- Build files have been written to: /root/ros2_ws/build/amr_cartographer
-- Install configuration: ""
-- Execute custom install script
-- Symlinking: /root/ros2_ws/install/amr_cartographer/share/amr_cartographer/config/amr_cartographer.lua
-- Symlinking: /root/ros2_ws/install/amr_cartographer/share/amr_cartographer/config/turtlebot3_lds_2d.lua
-- Symlinking: /root/ros2_ws/install/amr_cartographer/share/amr_cartographer/launch/amr_cartographer.launch.py
-- Symlinking: /root/ros2_ws/install/amr_cartographer/share/amr_cartographer/launch/occupancy_grid.launch.py
-- Symlinking: /root/ros2_ws/install/amr_cartographer/share/amr_cartographer/rviz/amr_cartographer.rviz
-- Symlinking: /root/ros2_ws/install/amr_cartographer/share/ament_index/resource_index/package_run_dependencies/amr_cartographer
-- Symlinking: /root/ros2_ws/install/amr_cartographer/share/ament_index/resource_index/parent_prefix_path/amr_cartographer
-- Symlinking: /root/ros2_ws/install/amr_cartographer/share/amr_cartographer/environment/ament_prefix_path.sh
-- Symlinking: /root/ros2_ws/install/amr_cartographer/share/amr_cartographer/environment/ament_prefix_path.dsv
-- Symlinking: /root/ros2_ws/install/amr_cartographer/share/amr_cartographer/environment/path.sh
-- Symlinking: /root/ros2_ws/install/amr_cartographer/share/amr_cartographer/environment/path.dsv
-- Symlinking: /root/ros2_ws/install/amr_cartographer/share/amr_cartographer/local_setup.bash
-- Symlinking: /root/ros2_ws/install/amr_cartographer/share/amr_cartographer/local_setup.sh
-- Symlinking: /root/ros2_ws/install/amr_cartographer/share/amr_cartographer/local_setup.zsh
-- Symlinking: /root/ros2_ws/install/amr_cartographer/share/amr_cartographer/local_setup.dsv
-- Symlinking: /root/ros2_ws/install/amr_cartographer/share/amr_cartographer/package.dsv
-- Symlinking: /root/ros2_ws/install/amr_cartographer/share/ament_index/resource_index/packages/amr_cartographer
-- Symlinking: /root/ros2_ws/install/amr_cartographer/share/amr_cartographer/cmake/amr_cartographerConfig.cmake
-- Symlinking: /root/ros2_ws/install/amr_cartographer/share/amr_cartographer/cmake/amr_cartographerConfig-version.cmake
-- Symlinking: /root/ros2_ws/install/amr_cartographer/share/amr_cartographer/package.xml
