[0.028s] Invoking command in '/root/ros2_ws/build/amr_cartographer': CMAKE_PREFIX_PATH=${CMAKE_PREFIX_PATH}:/root/ros2_ws/install/webserver_interface_ros2:/root/ros2_ws/install/waypoint_node_manager:/opt/ros/humble /usr/bin/cmake /root/ros2_ws/src/robot_simulator/dependency_pkgs/MOBILE_ROBOT_BASIC/amr_cartographer -DAMENT_CMAKE_SYMLINK_INSTALL=1 -DCMAKE_INSTALL_PREFIX=/root/ros2_ws/install/amr_cartographer
[0.358s] -- The C compiler identification is GNU 11.4.0
[0.358s] -- The CXX compiler identification is GNU 11.4.0
[0.358s] -- Detecting C compiler ABI info
[0.358s] -- Detecting C compiler ABI info - done
[0.358s] -- Check for working C compiler: /usr/bin/cc - skipped
[0.358s] -- Detecting C compile features
[0.359s] -- Detecting C compile features - done
[0.359s] -- Detecting CXX compiler ABI info
[0.359s] -- Detecting CXX compiler ABI info - done
[0.359s] -- Check for working CXX compiler: /usr/bin/c++ - skipped
[0.359s] -- Detecting CXX compile features
[0.359s] -- Detecting CXX compile features - done
[0.359s] -- Found ament_cmake: 1.3.11 (/opt/ros/humble/share/ament_cmake/cmake)
[0.483s] -- Found Python3: /usr/bin/python3 (found version "3.10.12") found components: Interpreter 
[0.567s] -- Override CMake install command with custom implementation using symlinks instead of copying resources
[0.682s] -- Configuring done
[0.685s] -- Generating done
[0.687s] -- Build files have been written to: /root/ros2_ws/build/amr_cartographer
[0.691s] Invoked command in '/root/ros2_ws/build/amr_cartographer' returned '0': CMAKE_PREFIX_PATH=${CMAKE_PREFIX_PATH}:/root/ros2_ws/install/webserver_interface_ros2:/root/ros2_ws/install/waypoint_node_manager:/opt/ros/humble /usr/bin/cmake /root/ros2_ws/src/robot_simulator/dependency_pkgs/MOBILE_ROBOT_BASIC/amr_cartographer -DAMENT_CMAKE_SYMLINK_INSTALL=1 -DCMAKE_INSTALL_PREFIX=/root/ros2_ws/install/amr_cartographer
[0.693s] Invoking command in '/root/ros2_ws/build/amr_cartographer': CMAKE_PREFIX_PATH=${CMAKE_PREFIX_PATH}:/root/ros2_ws/install/webserver_interface_ros2:/root/ros2_ws/install/waypoint_node_manager:/opt/ros/humble /usr/bin/cmake --build /root/ros2_ws/build/amr_cartographer -- -j16 -l16
[0.729s] Invoked command in '/root/ros2_ws/build/amr_cartographer' returned '0': CMAKE_PREFIX_PATH=${CMAKE_PREFIX_PATH}:/root/ros2_ws/install/webserver_interface_ros2:/root/ros2_ws/install/waypoint_node_manager:/opt/ros/humble /usr/bin/cmake --build /root/ros2_ws/build/amr_cartographer -- -j16 -l16
[0.730s] Invoking command in '/root/ros2_ws/build/amr_cartographer': CMAKE_PREFIX_PATH=${CMAKE_PREFIX_PATH}:/root/ros2_ws/install/webserver_interface_ros2:/root/ros2_ws/install/waypoint_node_manager:/opt/ros/humble /usr/bin/cmake --install /root/ros2_ws/build/amr_cartographer
[0.736s] -- Install configuration: ""
[0.736s] -- Execute custom install script
[0.737s] -- Symlinking: /root/ros2_ws/install/amr_cartographer/share/amr_cartographer/config/amr_cartographer.lua
[0.747s] -- Symlinking: /root/ros2_ws/install/amr_cartographer/share/amr_cartographer/config/turtlebot3_lds_2d.lua
[0.756s] -- Symlinking: /root/ros2_ws/install/amr_cartographer/share/amr_cartographer/launch/amr_cartographer.launch.py
[0.763s] -- Symlinking: /root/ros2_ws/install/amr_cartographer/share/amr_cartographer/launch/occupancy_grid.launch.py
[0.773s] -- Symlinking: /root/ros2_ws/install/amr_cartographer/share/amr_cartographer/rviz/amr_cartographer.rviz
[0.781s] -- Symlinking: /root/ros2_ws/install/amr_cartographer/share/ament_index/resource_index/package_run_dependencies/amr_cartographer
[0.787s] -- Symlinking: /root/ros2_ws/install/amr_cartographer/share/ament_index/resource_index/parent_prefix_path/amr_cartographer
[0.796s] -- Symlinking: /root/ros2_ws/install/amr_cartographer/share/amr_cartographer/environment/ament_prefix_path.sh
[0.805s] -- Symlinking: /root/ros2_ws/install/amr_cartographer/share/amr_cartographer/environment/ament_prefix_path.dsv
[0.812s] -- Symlinking: /root/ros2_ws/install/amr_cartographer/share/amr_cartographer/environment/path.sh
[0.822s] -- Symlinking: /root/ros2_ws/install/amr_cartographer/share/amr_cartographer/environment/path.dsv
[0.829s] -- Symlinking: /root/ros2_ws/install/amr_cartographer/share/amr_cartographer/local_setup.bash
[0.836s] -- Symlinking: /root/ros2_ws/install/amr_cartographer/share/amr_cartographer/local_setup.sh
[0.843s] -- Symlinking: /root/ros2_ws/install/amr_cartographer/share/amr_cartographer/local_setup.zsh
[0.852s] -- Symlinking: /root/ros2_ws/install/amr_cartographer/share/amr_cartographer/local_setup.dsv
[0.860s] -- Symlinking: /root/ros2_ws/install/amr_cartographer/share/amr_cartographer/package.dsv
[0.867s] -- Symlinking: /root/ros2_ws/install/amr_cartographer/share/ament_index/resource_index/packages/amr_cartographer
[0.875s] -- Symlinking: /root/ros2_ws/install/amr_cartographer/share/amr_cartographer/cmake/amr_cartographerConfig.cmake
[0.884s] -- Symlinking: /root/ros2_ws/install/amr_cartographer/share/amr_cartographer/cmake/amr_cartographerConfig-version.cmake
[0.892s] -- Symlinking: /root/ros2_ws/install/amr_cartographer/share/amr_cartographer/package.xml
[0.902s] Invoked command in '/root/ros2_ws/build/amr_cartographer' returned '0': CMAKE_PREFIX_PATH=${CMAKE_PREFIX_PATH}:/root/ros2_ws/install/webserver_interface_ros2:/root/ros2_ws/install/waypoint_node_manager:/opt/ros/humble /usr/bin/cmake --install /root/ros2_ws/build/amr_cartographer
